{"logTime": "0211/055325", "correlationVector":"N5gy85yJ/KEcbpkVD+QX86.1","action":"SyncServerConnectionManagerRequest", "result":"SYNC_SERVER_OK", "context":{"environment":"Prod_SoutheastAsia_000j", "migrationStage":"NotStarted", "server":"GENERAL0300001O"}}
{"logTime": "0211/055325", "correlationVector":"N5gy85yJ/KEcbpkVD+QX86","action":"Initial GetUpdates", "result":"", "context":Reason: NEW_CLIENT. cV=N5gy85yJ/KEcbpkVD+QX86}
{"logTime": "0211/055325", "correlationVector":"N5gy85yJ/KEcbpkVD+QX86.2","action":"GetUpdates Response", "result":"SYNCER_OK", "context":Received 1 update(s). cV=N5gy85yJ/KEcbpkVD+QX86.0;server=GENERAL0300001O;cloudType=Consumer;environment=Prod_SoutheastAsia_000j;migrationStage=NotStarted}
{"logTime": "0211/055328", "correlationVector":"N4Hu2YcxrLpEfe/vZD6SWU","action":"SyncServerConnectionManagerRequest", "result":"SYNC_SERVER_OK", "context":{"environment":"", "migrationStage":"", "server":""}}
{"logTime": "0211/055328", "correlationVector":"Ai5RIpSQrhWT3keU00u3wK","action":"Initial GetUpdates", "result":"", "context":Reason: NEW_CLIENT. cV=Ai5RIpSQrhWT3keU00u3wK}
{"logTime": "0211/055328", "correlationVector":"Ai5RIpSQrhWT3keU00u3wK.1","action":"SyncServerConnectionManagerRequest", "result":"SYNC_SERVER_OK", "context":{"environment":"Prod_SoutheastAsia_000j", "migrationStage":"NotStarted", "server":"GENERAL01000011"}}
{"logTime": "0211/055328", "correlationVector":"Ai5RIpSQrhWT3keU00u3wK.2","action":"GetUpdates Response", "result":"SYNCER_OK", "context":Received 3 update(s). cV=Ai5RIpSQrhWT3keU00u3wK.0;server=GENERAL01000011;cloudType=Consumer;environment=Prod_SoutheastAsia_000j;migrationStage=NotStarted}
{"logTime": "0211/055328", "correlationVector":"Y0shHteHcWKSPuXd59WEZV","action":"Normal GetUpdate request", "result":"", "context":cV=Y0shHteHcWKSPuXd59WEZV
Nudged types: Device Info, User Consents
Refresh requested types: Device Info, User Consents, Send Tab To Self, Encryption Keys}
{"logTime": "0211/055329", "correlationVector":"Y0shHteHcWKSPuXd59WEZV.1","action":"SyncServerConnectionManagerRequest", "result":"SYNC_SERVER_OK", "context":{"environment":"Prod_SoutheastAsia_000j", "migrationStage":"NotStarted", "server":"GENERAL01000009"}}
{"logTime": "0211/055329", "correlationVector":"Y0shHteHcWKSPuXd59WEZV.2","action":"GetUpdates Response", "result":"SYNCER_OK", "context":Received 0 update(s). cV=Y0shHteHcWKSPuXd59WEZV.0;server=GENERAL01000009;cloudType=Consumer;environment=Prod_SoutheastAsia_000j;migrationStage=NotStarted}
{"logTime": "0211/055329", "correlationVector":"hJxLT063RNwbFNdQj8H6I4","action":"Commit Request", "result":"", "context":Item count: 1
Contributing types: Device Info}
{"logTime": "0211/055329", "correlationVector":"hJxLT063RNwbFNdQj8H6I4.1","action":"SyncServerConnectionManagerRequest", "result":"SYNC_SERVER_OK", "context":{"environment":"Prod_SoutheastAsia_000j", "migrationStage":"NotStarted", "server":"GENERAL01000000"}}
{"logTime": "0211/055329", "correlationVector":"hJxLT063RNwbFNdQj8H6I4.2","action":"Commit Response", "result":"SYNCER_OK", "context":Result: SYNCER_OK. cV=hJxLT063RNwbFNdQj8H6I4.0;server=GENERAL01000000;cloudType=Consumer;environment=Prod_SoutheastAsia_000j;migrationStage=NotStarted}
{"logTime": "0211/055329", "correlationVector":"hZSBTRy4lOHIEOofX0LM+l","action":"Commit Request", "result":"", "context":Item count: 1
Contributing types: User Consents}
{"logTime": "0211/055330", "correlationVector":"hZSBTRy4lOHIEOofX0LM+l.1","action":"SyncServerConnectionManagerRequest", "result":"SYNC_SERVER_OK", "context":{"environment":"Prod_SoutheastAsia_000j", "migrationStage":"NotStarted", "server":"GENERAL0100000Y"}}
{"logTime": "0211/055330", "correlationVector":"hZSBTRy4lOHIEOofX0LM+l.2","action":"Commit Response", "result":"SYNCER_OK", "context":Result: SYNCER_OK. cV=hZSBTRy4lOHIEOofX0LM+l.0;server=GENERAL0100000Y;cloudType=Consumer;environment=Prod_SoutheastAsia_000j;migrationStage=NotStarted}
{"logTime": "0211/055330", "correlationVector":"CxVr3Xu06E04hK0In38v88","action":"Normal GetUpdate request", "result":"", "context":cV=CxVr3Xu06E04hK0In38v88
Nudged types: Device Info}
{"logTime": "0211/055331", "correlationVector":"CxVr3Xu06E04hK0In38v88.1","action":"SyncServerConnectionManagerRequest", "result":"SYNC_SERVER_OK", "context":{"environment":"Prod_SoutheastAsia_000j", "migrationStage":"NotStarted", "server":"GENERAL0300002B"}}
{"logTime": "0211/055331", "correlationVector":"CxVr3Xu06E04hK0In38v88.2","action":"GetUpdates Response", "result":"SYNCER_OK", "context":Received 1 update(s). cV=CxVr3Xu06E04hK0In38v88.0;server=GENERAL0300002B;cloudType=Consumer;environment=Prod_SoutheastAsia_000j;migrationStage=NotStarted}
{"logTime": "0211/055822", "correlationVector":"8DGyLi1fgvZLDX4e7T+BjY","action":"Normal GetUpdate request", "result":"", "context":cV=8DGyLi1fgvZLDX4e7T+BjY
Refresh requested types: Device Info, User Consents, Send Tab To Self, Encryption Keys}
{"logTime": "0211/055823", "correlationVector":"8DGyLi1fgvZLDX4e7T+BjY.1","action":"SyncServerConnectionManagerRequest", "result":"SYNC_SERVER_OK", "context":{"environment":"Prod_SoutheastAsia_000j", "migrationStage":"NotStarted", "server":"GENERAL03000008"}}
{"logTime": "0211/055823", "correlationVector":"8DGyLi1fgvZLDX4e7T+BjY.2","action":"GetUpdates Response", "result":"SYNCER_OK", "context":Received 0 update(s). cV=8DGyLi1fgvZLDX4e7T+BjY.0;server=GENERAL03000008;cloudType=Consumer;environment=Prod_SoutheastAsia_000j;migrationStage=NotStarted}
